0 info it worked if it ends with ok
1 verbose cli [ '/usr/local/Cellar/node/4.1.2/bin/node',
1 verbose cli   '/usr/local/bin/npm',
1 verbose cli   'install' ]
2 info using npm@2.14.6
3 info using node@v4.1.2
4 verbose readDependencies loading dependencies from /Users/JYQiu/Documents/pccserver/pccServer/package.json
5 verbose install where, deps [ '/Users/JYQiu/Documents/pccserver/pccServer',
5 verbose install   [ 'body-parser',
5 verbose install     'cookie-parser',
5 verbose install     'debug',
5 verbose install     'ejs',
5 verbose install     'express',
5 verbose install     'morgan',
5 verbose install     'serve-favicon',
5 verbose install     'mongodb',
5 verbose install     'mongoskin' ] ]
6 verbose install where, peers [ '/Users/JYQiu/Documents/pccserver/pccServer', [] ]
7 verbose installManyTop reading for lifecycle /Users/JYQiu/Documents/pccserver/pccServer/package.json
8 info preinstall pccServer@0.0.0
9 verbose installManyTop reading scoped package data from /Users/JYQiu/Documents/pccserver/pccServer/node_modules/body-parser/package.json
10 verbose installManyTop reading scoped package data from /Users/JYQiu/Documents/pccserver/pccServer/node_modules/cookie-parser/package.json
11 verbose installManyTop reading scoped package data from /Users/JYQiu/Documents/pccserver/pccServer/node_modules/debug/package.json
12 verbose installManyTop reading scoped package data from /Users/JYQiu/Documents/pccserver/pccServer/node_modules/ejs/package.json
13 verbose installManyTop reading scoped package data from /Users/JYQiu/Documents/pccserver/pccServer/node_modules/express/package.json
14 verbose installManyTop reading scoped package data from /Users/JYQiu/Documents/pccserver/pccServer/node_modules/mongodb/package.json
15 verbose installManyTop reading scoped package data from /Users/JYQiu/Documents/pccserver/pccServer/node_modules/morgan/package.json
16 verbose installManyTop reading scoped package data from /Users/JYQiu/Documents/pccserver/pccServer/node_modules/serve-favicon/package.json
17 info package.json mongodb@1.4.39 No license field.
18 verbose readDependencies loading dependencies from /Users/JYQiu/Documents/pccserver/pccServer/package.json
19 verbose targetResolver reading package data from /Users/JYQiu/Documents/pccserver/pccServer/node_modules/body-parser/package.json
20 verbose targetResolver reading package data from /Users/JYQiu/Documents/pccserver/pccServer/node_modules/cookie-parser/package.json
21 verbose targetResolver reading package data from /Users/JYQiu/Documents/pccserver/pccServer/node_modules/debug/package.json
22 verbose targetResolver reading package data from /Users/JYQiu/Documents/pccserver/pccServer/node_modules/ejs/package.json
23 verbose targetResolver reading package data from /Users/JYQiu/Documents/pccserver/pccServer/node_modules/express/package.json
24 verbose targetResolver reading package data from /Users/JYQiu/Documents/pccserver/pccServer/node_modules/mongodb/package.json
25 verbose targetResolver reading package data from /Users/JYQiu/Documents/pccserver/pccServer/node_modules/morgan/package.json
26 verbose targetResolver reading package data from /Users/JYQiu/Documents/pccserver/pccServer/node_modules/serve-favicon/package.json
27 verbose already installed skipping express@~4.13.1 /Users/JYQiu/Documents/pccserver/pccServer
28 verbose already installed skipping morgan@~1.6.1 /Users/JYQiu/Documents/pccserver/pccServer
29 verbose already installed skipping serve-favicon@~2.3.0 /Users/JYQiu/Documents/pccserver/pccServer
30 verbose already installed skipping mongodb@~1.4 /Users/JYQiu/Documents/pccserver/pccServer
31 silly cache add args [ 'mongoskin@*', null ]
32 verbose cache add spec mongoskin@*
33 silly cache add parsed spec Result {
33 silly cache add   raw: 'mongoskin@*',
33 silly cache add   scope: null,
33 silly cache add   name: 'mongoskin',
33 silly cache add   rawSpec: '*',
33 silly cache add   spec: '*',
33 silly cache add   type: 'range' }
34 silly addNamed mongoskin@*
35 verbose addNamed "*" is a valid semver range for mongoskin
36 silly addNameRange { name: 'mongoskin', range: '*', hasData: false }
37 silly mapToRegistry name mongoskin
38 silly mapToRegistry using default registry
39 silly mapToRegistry registry https://registry.npmjs.org/
40 silly mapToRegistry uri https://registry.npmjs.org/mongoskin
41 verbose addNameRange registry:https://registry.npmjs.org/mongoskin not in flight; fetching
42 verbose already installed skipping body-parser@~1.13.2 /Users/JYQiu/Documents/pccserver/pccServer
43 verbose already installed skipping cookie-parser@~1.3.5 /Users/JYQiu/Documents/pccserver/pccServer
44 verbose already installed skipping debug@~2.2.0 /Users/JYQiu/Documents/pccserver/pccServer
45 verbose already installed skipping ejs@~2.3.3 /Users/JYQiu/Documents/pccserver/pccServer
46 verbose request uri https://registry.npmjs.org/mongoskin
47 verbose request no auth needed
48 info attempt registry request try #1 at 23:19:49
49 verbose request id 8fc289154c14e868
50 verbose etag "C7O4F44ZV46R1QLNXMFN4DXUA"
51 http request GET https://registry.npmjs.org/mongoskin
52 http 304 https://registry.npmjs.org/mongoskin
53 verbose headers { date: 'Tue, 10 Nov 2015 15:19:49 GMT',
53 verbose headers   via: '1.1 varnish',
53 verbose headers   'cache-control': 'max-age=60',
53 verbose headers   etag: '"C7O4F44ZV46R1QLNXMFN4DXUA"',
53 verbose headers   age: '0',
53 verbose headers   connection: 'keep-alive',
53 verbose headers   'x-served-by': 'cache-hkg6820-HKG',
53 verbose headers   'x-cache': 'MISS',
53 verbose headers   'x-cache-hits': '0',
53 verbose headers   'x-timer': 'S1447168789.600459,VS0,VE962',
53 verbose headers   vary: 'Accept' }
54 silly get cb [ 304,
54 silly get   { date: 'Tue, 10 Nov 2015 15:19:49 GMT',
54 silly get     via: '1.1 varnish',
54 silly get     'cache-control': 'max-age=60',
54 silly get     etag: '"C7O4F44ZV46R1QLNXMFN4DXUA"',
54 silly get     age: '0',
54 silly get     connection: 'keep-alive',
54 silly get     'x-served-by': 'cache-hkg6820-HKG',
54 silly get     'x-cache': 'MISS',
54 silly get     'x-cache-hits': '0',
54 silly get     'x-timer': 'S1447168789.600459,VS0,VE962',
54 silly get     vary: 'Accept' } ]
55 verbose etag https://registry.npmjs.org/mongoskin from cache
56 verbose get saving mongoskin to /Users/JYQiu/.npm/registry.npmjs.org/mongoskin/.cache.json
57 silly addNameRange number 2 { name: 'mongoskin', range: '*', hasData: true }
58 silly addNameRange versions [ 'mongoskin',
58 silly addNameRange   [ '0.1.0',
58 silly addNameRange     '0.1.1',
58 silly addNameRange     '0.1.2',
58 silly addNameRange     '0.1.3',
58 silly addNameRange     '0.2.0',
58 silly addNameRange     '0.2.1',
58 silly addNameRange     '0.2.2',
58 silly addNameRange     '0.2.3',
58 silly addNameRange     '0.3.0',
58 silly addNameRange     '0.3.3',
58 silly addNameRange     '0.3.4',
58 silly addNameRange     '0.3.5',
58 silly addNameRange     '0.3.6',
58 silly addNameRange     '0.3.7',
58 silly addNameRange     '0.4.0',
58 silly addNameRange     '0.4.1',
58 silly addNameRange     '0.4.2',
58 silly addNameRange     '0.4.3',
58 silly addNameRange     '0.4.4',
58 silly addNameRange     '0.5.0',
58 silly addNameRange     '0.6.0',
58 silly addNameRange     '0.6.1',
58 silly addNameRange     '1.3.20-alpha',
58 silly addNameRange     '1.3.20',
58 silly addNameRange     '1.3.21',
58 silly addNameRange     '1.3.22',
58 silly addNameRange     '1.3.23',
58 silly addNameRange     '1.4.0',
58 silly addNameRange     '1.4.1',
58 silly addNameRange     '1.4.2',
58 silly addNameRange     '1.4.3',
58 silly addNameRange     '1.4.4',
58 silly addNameRange     '1.4.10-beta',
58 silly addNameRange     '1.4.10',
58 silly addNameRange     '1.4.11',
58 silly addNameRange     '1.4.12',
58 silly addNameRange     '1.4.13',
58 silly addNameRange     '2.0.0',
58 silly addNameRange     '2.0.1',
58 silly addNameRange     '2.0.2',
58 silly addNameRange     '2.0.3' ] ]
59 silly addNamed mongoskin@2.0.3
60 verbose addNamed "2.0.3" is a plain semver version for mongoskin
61 silly cache afterAdd mongoskin@2.0.3
62 verbose afterAdd /Users/JYQiu/.npm/mongoskin/2.0.3/package/package.json not in flight; writing
63 verbose afterAdd /Users/JYQiu/.npm/mongoskin/2.0.3/package/package.json written
64 silly install resolved [ { name: 'mongoskin',
64 silly install resolved     description: 'The future layer above node-mongodb-native',
64 silly install resolved     version: '2.0.3',
64 silly install resolved     author: { name: 'Gui Lin', email: 'guileen@gmail.com' },
64 silly install resolved     homepage: 'https://github.com/kissjs/node-mongoskin',
64 silly install resolved     repository:
64 silly install resolved      { type: 'git',
64 silly install resolved        url: 'git://github.com/kissjs/node-mongoskin.git' },
64 silly install resolved     bugs: { url: 'https://github.com/kissjs/node-mongoskin/issues' },
64 silly install resolved     main: './index.js',
64 silly install resolved     keywords: [ 'mongodb', 'database', 'nosql' ],
64 silly install resolved     engines: { node: '>= 0.4.0' },
64 silly install resolved     peerDependencies: { mongodb: '~2.0' },
64 silly install resolved     devDependencies:
64 silly install resolved      { istanbul: '0.3.17',
64 silly install resolved        mocha: '~1.17.1',
64 silly install resolved        coveralls: '~2.10.0',
64 silly install resolved        'mocha-lcov-reporter': '0.0.1',
64 silly install resolved        'travis-cov': '~0.2.5',
64 silly install resolved        mongodb: '~2.0',
64 silly install resolved        should: '~3.1.2' },
64 silly install resolved     scripts: { test: 'mocha', coverage: 'istanbul cover _mocha' },
64 silly install resolved     directories: { example: './examples', lib: './lib/mongoskin' },
64 silly install resolved     license: 'MIT',
64 silly install resolved     contributors:
64 silly install resolved      [ [Object],
64 silly install resolved        [Object],
64 silly install resolved        [Object],
64 silly install resolved        [Object],
64 silly install resolved        [Object],
64 silly install resolved        [Object],
64 silly install resolved        [Object],
64 silly install resolved        [Object],
64 silly install resolved        [Object],
64 silly install resolved        [Object],
64 silly install resolved        [Object],
64 silly install resolved        [Object] ],
64 silly install resolved     gitHead: '108628ce641b094e5a9c439c15af761857277bd4',
64 silly install resolved     _id: 'mongoskin@2.0.3',
64 silly install resolved     _shasum: 'fa6d5429b22175c9d481b90c2aabcfdf067a466d',
64 silly install resolved     _from: 'mongoskin@*',
64 silly install resolved     _npmVersion: '2.9.1',
64 silly install resolved     _nodeVersion: '0.12.3',
64 silly install resolved     _npmUser: { name: 'vkarpov15', email: 'val@karpov.io' },
64 silly install resolved     dist:
64 silly install resolved      { shasum: 'fa6d5429b22175c9d481b90c2aabcfdf067a466d',
64 silly install resolved        tarball: 'http://registry.npmjs.org/mongoskin/-/mongoskin-2.0.3.tgz' },
64 silly install resolved     maintainers: [ [Object], [Object], [Object] ],
64 silly install resolved     _resolved: 'https://registry.npmjs.org/mongoskin/-/mongoskin-2.0.3.tgz',
64 silly install resolved     readme: 'ERROR: No README data found!' } ]
65 info install mongoskin@2.0.3 into /Users/JYQiu/Documents/pccserver/pccServer
66 info installOne mongoskin@2.0.3
67 verbose installOne of mongoskin to /Users/JYQiu/Documents/pccserver/pccServer not in flight; installing
68 verbose lock using /Users/JYQiu/.npm/_locks/mongoskin-db08813404ec862f.lock for /Users/JYQiu/Documents/pccserver/pccServer/node_modules/mongoskin
69 silly install write writing mongoskin 2.0.3 to /Users/JYQiu/Documents/pccserver/pccServer/node_modules/mongoskin
70 verbose unbuild node_modules/mongoskin
71 silly gentlyRm /Users/JYQiu/Documents/pccserver/pccServer/node_modules/mongoskin is being purged from base /Users/JYQiu/Documents/pccserver/pccServer
72 verbose gentlyRm don't care about contents; nuking /Users/JYQiu/Documents/pccserver/pccServer/node_modules/mongoskin
73 verbose tar unpack /Users/JYQiu/.npm/mongoskin/2.0.3/package.tgz
74 verbose tar unpacking to /Users/JYQiu/Documents/pccserver/pccServer/node_modules/mongoskin
75 silly gentlyRm /Users/JYQiu/Documents/pccserver/pccServer/node_modules/mongoskin is being purged
76 verbose gentlyRm don't care about contents; nuking /Users/JYQiu/Documents/pccserver/pccServer/node_modules/mongoskin
77 silly gunzTarPerm modes [ '755', '644' ]
78 silly gunzTarPerm extractEntry package.json
79 silly gunzTarPerm modified mode [ 'package.json', 436, 420 ]
80 silly gunzTarPerm extractEntry .npmignore
81 silly gunzTarPerm modified mode [ '.npmignore', 436, 420 ]
82 silly gunzTarPerm extractEntry LICENSE
83 silly gunzTarPerm modified mode [ 'LICENSE', 436, 420 ]
84 silly gunzTarPerm extractEntry index.js
85 silly gunzTarPerm modified mode [ 'index.js', 436, 420 ]
86 silly gunzTarPerm extractEntry Readme.md
87 silly gunzTarPerm modified mode [ 'Readme.md', 436, 420 ]
88 silly gunzTarPerm extractEntry History.md
89 silly gunzTarPerm modified mode [ 'History.md', 436, 420 ]
90 silly gunzTarPerm extractEntry Makefile
91 silly gunzTarPerm modified mode [ 'Makefile', 436, 420 ]
92 silly gunzTarPerm extractEntry .jshintrc
93 silly gunzTarPerm modified mode [ '.jshintrc', 436, 420 ]
94 silly gunzTarPerm extractEntry coverage/coverage.json
95 silly gunzTarPerm modified mode [ 'coverage/coverage.json', 436, 420 ]
96 silly gunzTarPerm extractEntry coverage/lcov-report/prettify.js
97 silly gunzTarPerm modified mode [ 'coverage/lcov-report/prettify.js', 436, 420 ]
98 silly gunzTarPerm extractEntry coverage/lcov-report/sorter.js
99 silly gunzTarPerm modified mode [ 'coverage/lcov-report/sorter.js', 436, 420 ]
100 silly gunzTarPerm extractEntry coverage/lcov-report/base.css
101 silly gunzTarPerm modified mode [ 'coverage/lcov-report/base.css', 436, 420 ]
102 silly gunzTarPerm extractEntry coverage/lcov-report/index.html
103 silly gunzTarPerm modified mode [ 'coverage/lcov-report/index.html', 436, 420 ]
104 silly gunzTarPerm extractEntry coverage/lcov-report/node-mongoskin/index.html
105 silly gunzTarPerm modified mode [ 'coverage/lcov-report/node-mongoskin/index.html', 436, 420 ]
106 silly gunzTarPerm extractEntry coverage/lcov-report/node-mongoskin/index.js.html
107 silly gunzTarPerm modified mode [ 'coverage/lcov-report/node-mongoskin/index.js.html', 436, 420 ]
108 silly gunzTarPerm extractEntry coverage/lcov-report/node-mongoskin/lib/grid_store.js.html
109 silly gunzTarPerm modified mode [ 'coverage/lcov-report/node-mongoskin/lib/grid_store.js.html',
109 silly gunzTarPerm   436,
109 silly gunzTarPerm   420 ]
110 silly gunzTarPerm extractEntry coverage/lcov-report/node-mongoskin/lib/admin.js.html
111 silly gunzTarPerm modified mode [ 'coverage/lcov-report/node-mongoskin/lib/admin.js.html',
111 silly gunzTarPerm   436,
111 silly gunzTarPerm   420 ]
112 silly gunzTarPerm extractEntry coverage/lcov-report/node-mongoskin/lib/constant.js.html
113 silly gunzTarPerm modified mode [ 'coverage/lcov-report/node-mongoskin/lib/constant.js.html',
113 silly gunzTarPerm   436,
113 silly gunzTarPerm   420 ]
114 silly gunzTarPerm extractEntry coverage/lcov-report/node-mongoskin/lib/cursor.js.html
115 silly gunzTarPerm modified mode [ 'coverage/lcov-report/node-mongoskin/lib/cursor.js.html',
115 silly gunzTarPerm   436,
115 silly gunzTarPerm   420 ]
116 silly gunzTarPerm extractEntry coverage/lcov-report/node-mongoskin/lib/db.js.html
117 silly gunzTarPerm modified mode [ 'coverage/lcov-report/node-mongoskin/lib/db.js.html',
117 silly gunzTarPerm   436,
117 silly gunzTarPerm   420 ]
118 silly gunzTarPerm extractEntry coverage/lcov-report/node-mongoskin/lib/collection.js.html
119 silly gunzTarPerm modified mode [ 'coverage/lcov-report/node-mongoskin/lib/collection.js.html',
119 silly gunzTarPerm   436,
119 silly gunzTarPerm   420 ]
120 silly gunzTarPerm extractEntry coverage/lcov-report/node-mongoskin/lib/helper.js.html
121 silly gunzTarPerm modified mode [ 'coverage/lcov-report/node-mongoskin/lib/helper.js.html',
121 silly gunzTarPerm   436,
121 silly gunzTarPerm   420 ]
122 silly gunzTarPerm extractEntry coverage/lcov-report/node-mongoskin/lib/index.html
123 silly gunzTarPerm modified mode [ 'coverage/lcov-report/node-mongoskin/lib/index.html',
123 silly gunzTarPerm   436,
123 silly gunzTarPerm   420 ]
124 silly gunzTarPerm extractEntry coverage/lcov-report/node-mongoskin/lib/index.js.html
125 silly gunzTarPerm modified mode [ 'coverage/lcov-report/node-mongoskin/lib/index.js.html',
125 silly gunzTarPerm   436,
125 silly gunzTarPerm   420 ]
126 silly gunzTarPerm extractEntry coverage/lcov-report/node-mongoskin/lib/mongo_client.js.html
127 silly gunzTarPerm modified mode [ 'coverage/lcov-report/node-mongoskin/lib/mongo_client.js.html',
127 silly gunzTarPerm   436,
127 silly gunzTarPerm   420 ]
128 silly gunzTarPerm extractEntry coverage/lcov-report/node-mongoskin/lib/utils.js.html
129 silly gunzTarPerm modified mode [ 'coverage/lcov-report/node-mongoskin/lib/utils.js.html',
129 silly gunzTarPerm   436,
129 silly gunzTarPerm   420 ]
130 silly gunzTarPerm extractEntry coverage/lcov-report/prettify.css
131 silly gunzTarPerm modified mode [ 'coverage/lcov-report/prettify.css', 436, 420 ]
132 silly gunzTarPerm extractEntry coverage/lcov-report/sort-arrow-sprite.png
133 silly gunzTarPerm modified mode [ 'coverage/lcov-report/sort-arrow-sprite.png', 436, 420 ]
134 silly gunzTarPerm extractEntry coverage/lcov.info
135 silly gunzTarPerm modified mode [ 'coverage/lcov.info', 436, 420 ]
136 silly gunzTarPerm extractEntry examples/admin.js
137 silly gunzTarPerm modified mode [ 'examples/admin.js', 436, 420 ]
138 silly gunzTarPerm extractEntry examples/close.js
139 silly gunzTarPerm modified mode [ 'examples/close.js', 436, 420 ]
140 silly gunzTarPerm extractEntry examples/config.js
141 silly gunzTarPerm modified mode [ 'examples/config.js', 436, 420 ]
142 silly gunzTarPerm extractEntry examples/generateId.js
143 silly gunzTarPerm modified mode [ 'examples/generateId.js', 436, 420 ]
144 silly gunzTarPerm extractEntry examples/gridfs.js
145 silly gunzTarPerm modified mode [ 'examples/gridfs.js', 436, 420 ]
146 silly gunzTarPerm extractEntry examples/insert.js
147 silly gunzTarPerm modified mode [ 'examples/insert.js', 436, 420 ]
148 silly gunzTarPerm extractEntry examples/replSetBenchmark.js
149 silly gunzTarPerm modified mode [ 'examples/replSetBenchmark.js', 436, 420 ]
150 silly gunzTarPerm extractEntry examples/replset.js
151 silly gunzTarPerm modified mode [ 'examples/replset.js', 436, 420 ]
152 silly gunzTarPerm extractEntry examples/update.js
153 silly gunzTarPerm modified mode [ 'examples/update.js', 436, 420 ]
154 silly gunzTarPerm extractEntry .travis.yml
155 silly gunzTarPerm modified mode [ '.travis.yml', 436, 420 ]
156 silly gunzTarPerm extractEntry lib/admin.js
157 silly gunzTarPerm modified mode [ 'lib/admin.js', 436, 420 ]
158 silly gunzTarPerm extractEntry lib/collection.js
159 silly gunzTarPerm modified mode [ 'lib/collection.js', 436, 420 ]
160 silly gunzTarPerm extractEntry lib/constant.js
161 silly gunzTarPerm modified mode [ 'lib/constant.js', 436, 420 ]
162 silly gunzTarPerm extractEntry lib/cursor.js
163 silly gunzTarPerm modified mode [ 'lib/cursor.js', 436, 420 ]
164 silly gunzTarPerm extractEntry lib/db.js
165 silly gunzTarPerm modified mode [ 'lib/db.js', 436, 420 ]
166 silly gunzTarPerm extractEntry lib/grid_store.js
167 silly gunzTarPerm modified mode [ 'lib/grid_store.js', 436, 420 ]
168 silly gunzTarPerm extractEntry lib/helper.js
169 silly gunzTarPerm modified mode [ 'lib/helper.js', 436, 420 ]
170 silly gunzTarPerm extractEntry lib/index.js
171 silly gunzTarPerm modified mode [ 'lib/index.js', 436, 420 ]
172 silly gunzTarPerm extractEntry lib/mongo_client.js
173 silly gunzTarPerm modified mode [ 'lib/mongo_client.js', 436, 420 ]
174 silly gunzTarPerm extractEntry lib/utils.js
175 silly gunzTarPerm modified mode [ 'lib/utils.js', 436, 420 ]
176 silly gunzTarPerm extractEntry AUTHORS
177 silly gunzTarPerm modified mode [ 'AUTHORS', 436, 420 ]
178 verbose write writing to /Users/JYQiu/Documents/pccserver/pccServer/node_modules/mongoskin/package.json
179 info preinstall mongoskin@2.0.3
180 verbose readDependencies loading dependencies from /Users/JYQiu/Documents/pccserver/pccServer/node_modules/mongoskin/package.json
181 silly prepareForInstallMany adding mongodb@~2.0 from mongoskin peerDependencies
182 warn peerDependencies The peer dependency mongodb@~2.0 included from mongoskin will no
183 warn peerDependencies longer be automatically installed to fulfill the peerDependency
184 warn peerDependencies in npm 3+. Your application will need to depend on it explicitly.
185 verbose readDependencies loading dependencies from /Users/JYQiu/Documents/pccserver/pccServer/node_modules/mongoskin/package.json
186 silly install resolved []
187 verbose about to build /Users/JYQiu/Documents/pccserver/pccServer/node_modules/mongoskin
188 info build /Users/JYQiu/Documents/pccserver/pccServer/node_modules/mongoskin
189 info linkStuff mongoskin@2.0.3
190 silly linkStuff mongoskin@2.0.3 has /Users/JYQiu/Documents/pccserver/pccServer/node_modules as its parent node_modules
191 verbose linkBins mongoskin@2.0.3
192 verbose linkMans mongoskin@2.0.3
193 verbose rebuildBundles mongoskin@2.0.3
194 info install mongoskin@2.0.3
195 info postinstall mongoskin@2.0.3
196 verbose readDependencies loading dependencies from /Users/JYQiu/Documents/pccserver/pccServer/package.json
197 verbose targetResolver reading package data from /Users/JYQiu/Documents/pccserver/pccServer/node_modules/body-parser/package.json
198 verbose targetResolver reading package data from /Users/JYQiu/Documents/pccserver/pccServer/node_modules/cookie-parser/package.json
199 verbose targetResolver reading package data from /Users/JYQiu/Documents/pccserver/pccServer/node_modules/debug/package.json
200 verbose targetResolver reading package data from /Users/JYQiu/Documents/pccserver/pccServer/node_modules/ejs/package.json
201 verbose targetResolver reading package data from /Users/JYQiu/Documents/pccserver/pccServer/node_modules/express/package.json
202 verbose targetResolver reading package data from /Users/JYQiu/Documents/pccserver/pccServer/node_modules/mongodb/package.json
203 verbose targetResolver reading package data from /Users/JYQiu/Documents/pccserver/pccServer/node_modules/mongoskin/package.json
204 verbose targetResolver reading package data from /Users/JYQiu/Documents/pccserver/pccServer/node_modules/morgan/package.json
205 verbose targetResolver reading package data from /Users/JYQiu/Documents/pccserver/pccServer/node_modules/serve-favicon/package.json
206 verbose already installed skipping mongodb@~2.0 /Users/JYQiu/Documents/pccserver/pccServer
207 silly install resolved []
208 verbose unlock done using /Users/JYQiu/.npm/_locks/mongoskin-db08813404ec862f.lock for /Users/JYQiu/Documents/pccserver/pccServer/node_modules/mongoskin
209 info build /Users/JYQiu/Documents/pccserver/pccServer
210 info linkStuff pccServer@0.0.0
211 silly linkStuff pccServer@0.0.0 has /Users/JYQiu/Documents/pccserver as its parent node_modules
212 verbose linkBins pccServer@0.0.0
213 verbose linkMans pccServer@0.0.0
214 verbose rebuildBundles pccServer@0.0.0
215 verbose rebuildBundles [ 'body-parser',
215 verbose rebuildBundles   'cookie-parser',
215 verbose rebuildBundles   'debug',
215 verbose rebuildBundles   'ejs',
215 verbose rebuildBundles   'express',
215 verbose rebuildBundles   'mongodb',
215 verbose rebuildBundles   'mongoskin',
215 verbose rebuildBundles   'morgan',
215 verbose rebuildBundles   'serve-favicon' ]
216 info install pccServer@0.0.0
217 info postinstall pccServer@0.0.0
218 info prepublish pccServer@0.0.0
219 verbose validateInstall loading /Users/JYQiu/Documents/pccserver/pccServer/package.json for validation
220 verbose stack Error: The package mongodb@1.4.39 does not satisfy its siblings' peerDependencies requirements!
220 verbose stack     at /usr/local/lib/node_modules/npm/lib/install.js:125:32
220 verbose stack     at /usr/local/lib/node_modules/npm/lib/install.js:268:7
220 verbose stack     at /usr/local/lib/node_modules/npm/node_modules/read-installed/read-installed.js:142:5
220 verbose stack     at /usr/local/lib/node_modules/npm/node_modules/read-installed/read-installed.js:263:14
220 verbose stack     at cb (/usr/local/lib/node_modules/npm/node_modules/slide/lib/async-map.js:47:24)
220 verbose stack     at /usr/local/lib/node_modules/npm/node_modules/read-installed/read-installed.js:263:14
220 verbose stack     at cb (/usr/local/lib/node_modules/npm/node_modules/slide/lib/async-map.js:47:24)
220 verbose stack     at /usr/local/lib/node_modules/npm/node_modules/read-installed/read-installed.js:263:14
220 verbose stack     at cb (/usr/local/lib/node_modules/npm/node_modules/slide/lib/async-map.js:47:24)
220 verbose stack     at /usr/local/lib/node_modules/npm/node_modules/read-installed/read-installed.js:263:14
221 verbose cwd /Users/JYQiu/Documents/pccserver/pccServer
222 error Darwin 15.0.0
223 error argv "/usr/local/Cellar/node/4.1.2/bin/node" "/usr/local/bin/npm" "install"
224 error node v4.1.2
225 error npm  v2.14.6
226 error code EPEERINVALID
227 error peerinvalid The package mongodb@1.4.39 does not satisfy its siblings' peerDependencies requirements!
227 error peerinvalid Peer mongoskin@2.0.3 wants mongodb@~2.0
228 verbose exit [ 1, true ]
